2021-02-10 17:26:17.849+0000 INFO  ======== Neo4j 3.5.21 ========
2021-02-10 17:26:17.890+0000 INFO  Starting...
2021-02-10 17:26:23.707+0000 INFO  Bolt enabled on localhost:6998.
2021-02-10 17:26:26.639+0000 INFO  Neo4j Server shutdown initiated by request
2021-02-10 17:26:28.254+0000 INFO  Started.
2021-02-10 17:26:30.766+0000 INFO  Remote interface available at http://localhost:7000/
2021-02-10 17:26:30.808+0000 INFO  Stopping...
2021-02-10 17:26:30.880+0000 INFO  Stopped.
2021-02-10 17:26:59.488+0000 INFO  ======== Neo4j 3.5.21 ========
2021-02-10 17:26:59.510+0000 INFO  Starting...
2021-02-10 17:27:03.755+0000 INFO  Bolt enabled on localhost:6998.
2021-02-10 17:27:09.016+0000 INFO  Started.
2021-02-10 17:27:12.362+0000 INFO  Remote interface available at http://localhost:7000/
2021-02-10 17:31:15.239+0000 INFO  Neo4j Server shutdown initiated by request
2021-02-10 17:31:15.642+0000 INFO  Stopping...
2021-02-10 17:31:16.104+0000 INFO  Stopped.
2021-02-10 17:32:12.061+0000 INFO  ======== Neo4j 3.5.21 ========
2021-02-10 17:32:12.118+0000 INFO  Starting...
2021-02-10 17:32:22.438+0000 INFO  Bolt enabled on localhost:6998.
2021-02-10 17:32:34.925+0000 INFO  Started.
2021-02-10 17:32:42.517+0000 INFO  Remote interface available at http://localhost:7000/
